<?xml version='1.0' encoding='utf-8'?>
<testsuites tests="88" failures="0" errors="0" skipped="0"><testsuite name="com.cabin.hondacustom.CameraIntegrationTest" tests="19" skipped="0" failures="0" errors="0" timestamp="2026-09-13T20:53:45.370Z" hostname="fedora" time="2.063">
  <properties />
  <testcase name="wrongServiceDescriptorCannotBeUsed" classname="com.cabin.hondacustom.CameraIntegrationTest" time="1.022" />
  <testcase name="rearWritePreservesFreshSiblingAndParkingView" classname="com.cabin.hondacustom.CameraIntegrationTest" time="0.054" />
  <testcase name="rejectionClosesLaneSession" classname="com.cabin.hondacustom.CameraIntegrationTest" time="0.036" />
  <testcase name="incompleteBundleFailsClosedBeforeAnyWrite" classname="com.cabin.hondacustom.CameraIntegrationTest" time="0.026" />
  <testcase name="mismatchClearsValuesAndClosesLaneSession" classname="com.cabin.hondacustom.CameraIntegrationTest" time="0.034" />
  <testcase name="cameraPauseClearsParkedAndPreservesFailureExplanation" classname="com.cabin.hondacustom.CameraIntegrationTest" time="0.526" />
  <testcase name="repeatedLifecycleDisconnectDoesNotEraseCameraFailure" classname="com.cabin.hondacustom.CameraIntegrationTest" time="0.038" />
  <testcase name="laneWriteClosesSessionAfterVerifiedReadback" classname="com.cabin.hondacustom.CameraIntegrationTest" time="0.035" />
  <testcase name="parkedRangeAndAngleChecksPreventWrites" classname="com.cabin.hondacustom.CameraIntegrationTest" time="0.024" />
  <testcase name="malformedOptionalParkingValueCannotPassValidation" classname="com.cabin.hondacustom.CameraIntegrationTest" time="0.012" />
  <testcase name="malformedFreshParkingValueStopsWriteBeforeServiceMutation" classname="com.cabin.hondacustom.CameraIntegrationTest" time="0.034" />
  <testcase name="malformedDefaultsCannotBeReportedAsConfirmed" classname="com.cabin.hondacustom.CameraIntegrationTest" time="0.036" />
  <testcase name="readsOnlyAvailableCamerasWithoutEnteringSession" classname="com.cabin.hondacustom.CameraIntegrationTest" time="0.023" />
  <testcase name="cameraScreenLaunchesWithoutHondaService" classname="com.cabin.hondacustom.CameraIntegrationTest" time="0.049" />
  <testcase name="disconnectDuringBlockedWritePreservesUnknownOutcomeAndCleansSession" classname="com.cabin.hondacustom.CameraIntegrationTest" time="0.022" />
  <testcase name="changingCapabilityIsCheckedAgainBeforeWrite" classname="com.cabin.hondacustom.CameraIntegrationTest" time="0.027" />
  <testcase name="timeoutIgnoresLateResultAndCleansSession" classname="com.cabin.hondacustom.CameraIntegrationTest" time="0.021" />
  <testcase name="durationLabelsAreActualOemValues" classname="com.cabin.hondacustom.CameraIntegrationTest" time="0.01" />
  <testcase name="defaultsUseOutOnlyBundleAndReadback" classname="com.cabin.hondacustom.CameraIntegrationTest" time="0.032" />
  <system-out />
  <system-err />
</testsuite><testsuite name="com.cabin.hondacustom.CatalogSafetyTest" tests="5" skipped="0" failures="0" errors="0" timestamp="2026-09-13T20:53:47.438Z" hostname="fedora" time="0.086">
  <properties />
  <testcase name="editorNeverExpandsVehicleReportedRange" classname="com.cabin.hondacustom.CatalogSafetyTest" time="0.026" />
  <testcase name="civicOfflineFilterExcludesUnrelatedEquipment" classname="com.cabin.hondacustom.CatalogSafetyTest" time="0.015" />
  <testcase name="separatePanelPresetHasNamedWritableValues" classname="com.cabin.hondacustom.CatalogSafetyTest" time="0.014" />
  <testcase name="ambiguousAndUnmappedValuesCannotBeWritten" classname="com.cabin.hondacustom.CatalogSafetyTest" time="0.013" />
  <testcase name="portugueseLanguageKeepsExactApiOrder" classname="com.cabin.hondacustom.CatalogSafetyTest" time="0.018" />
  <system-out />
  <system-err />
</testsuite><testsuite name="com.cabin.hondacustom.HondaActionTest" tests="11" skipped="0" failures="0" errors="0" timestamp="2026-09-13T20:53:47.528Z" hostname="fedora" time="0.488">
  <properties />
  <testcase name="noActionWithoutLiveSupportOrPark" classname="com.cabin.hondacustom.HondaActionTest" time="0.051" />
  <testcase name="resetRediscoverAllSettings" classname="com.cabin.hondacustom.HondaActionTest" time="0.063" />
  <testcase name="allDueWireAndUnknownItems" classname="com.cabin.hondacustom.HondaActionTest" time="0.012" />
  <testcase name="rejectedActionFailsClosed" classname="com.cabin.hondacustom.HondaActionTest" time="0.044" />
  <testcase name="callbackSuccessCannotOverrideRejectedRequestReturn" classname="com.cabin.hondacustom.HondaActionTest" time="0.049" />
  <testcase name="acknowledgementBeforeActionDispatchIsIgnored" classname="com.cabin.hondacustom.HondaActionTest" time="0.055" />
  <testcase name="actionTimeoutCleansModeAndIgnoresLateResult" classname="com.cabin.hondacustom.HondaActionTest" time="0.043" />
  <testcase name="tpmsWaitsForCorrectCallbackAndReadback" classname="com.cabin.hondacustom.HondaActionTest" time="0.048" />
  <testcase name="maintenanceUsesExactItemAndCleansBothModes" classname="com.cabin.hondacustom.HondaActionTest" time="0.064" />
  <testcase name="maintenanceOptionsUseVariantAndLiveFlags" classname="com.cabin.hondacustom.HondaActionTest" time="0.012" />
  <testcase name="staleValuesBeforeReadDispatchCannotConfirmAction" classname="com.cabin.hondacustom.HondaActionTest" time="0.047" />
  <system-out />
  <system-err />
</testsuite><testsuite name="com.cabin.hondacustom.HondaIntegrationTest" tests="13" skipped="0" failures="0" errors="0" timestamp="2026-09-13T20:53:48.019Z" hostname="fedora" time="0.498">
  <properties />
  <testcase name="unsupportedActionAndMalformedRangeAreReadOnly" classname="com.cabin.hondacustom.HondaIntegrationTest" time="0.013" />
  <testcase name="timeoutInvalidatesLateCallback" classname="com.cabin.hondacustom.HondaIntegrationTest" time="0.038" />
  <testcase name="writeRequiresCallbackThenMatchingReadback" classname="com.cabin.hondacustom.HondaIntegrationTest" time="0.046" />
  <testcase name="binderRejectionFailsClosed" classname="com.cabin.hondacustom.HondaIntegrationTest" time="0.038" />
  <testcase name="disconnectPreventsQueuedSettingWrite" classname="com.cabin.hondacustom.HondaIntegrationTest" time="0.033" />
  <testcase name="missingParkAndInvalidValuesCannotWrite" classname="com.cabin.hondacustom.HondaIntegrationTest" time="0.033" />
  <testcase name="wireFormatPreservesFieldsAndNullArrays" classname="com.cabin.hondacustom.HondaIntegrationTest" time="0.014" />
  <testcase name="mainActivityLaunchesWithoutHondaService" classname="com.cabin.hondacustom.HondaIntegrationTest" time="0.148" />
  <testcase name="catalogHasUniqueSettingsAndVerifiedSpeedLabels" classname="com.cabin.hondacustom.HondaIntegrationTest" time="0.013" />
  <testcase name="mismatchDisconnectsInsteadOfReportingSuccess" classname="com.cabin.hondacustom.HondaIntegrationTest" time="0.054" />
  <testcase name="discoveryDoesNotWriteModeOrValues" classname="com.cabin.hondacustom.HondaIntegrationTest" time="0.034" />
  <testcase name="unknownCategoryCallbackCannotAdvanceRead" classname="com.cabin.hondacustom.HondaIntegrationTest" time="0.023" />
  <testcase name="wrongServiceDescriptorIsRejected" classname="com.cabin.hondacustom.HondaIntegrationTest" time="0.01" />
  <system-out />
  <system-err />
</testsuite><testsuite name="com.cabin.hondacustom.HondaTachometerPreferenceTest" tests="10" skipped="0" failures="0" errors="0" timestamp="2026-09-13T20:53:48.523Z" hostname="fedora" time="0.393">
  <properties />
  <testcase name="synchronousVehicleDisconnectUnbindsReturnedBindingExactlyOnce" classname="com.cabin.hondacustom.HondaTachometerPreferenceTest" time="0.012" />
  <testcase name="currentCachedTachometerStillGetsFreshVehicleConfirmation" classname="com.cabin.hondacustom.HondaTachometerPreferenceTest" time="0.054" />
  <testcase name="preferenceIsVerifiedBeforeVehicleRequest" classname="com.cabin.hondacustom.HondaTachometerPreferenceTest" time="0.055" />
  <testcase name="readbackMismatchCannotChangeVehicle" classname="com.cabin.hondacustom.HondaTachometerPreferenceTest" time="0.045" />
  <testcase name="vehicleFailureAfterPreferenceHasHonestOutcome" classname="com.cabin.hondacustom.HondaTachometerPreferenceTest" time="0.044" />
  <testcase name="preferenceRejectionReportsPartialOutcome" classname="com.cabin.hondacustom.HondaTachometerPreferenceTest" time="0.037" />
  <testcase name="bindingFailureCannotChangeVehicle" classname="com.cabin.hondacustom.HondaTachometerPreferenceTest" time="0.033" />
  <testcase name="timedOutBindingAndStaleConnectionDoNotWrite" classname="com.cabin.hondacustom.HondaTachometerPreferenceTest" time="0.033" />
  <testcase name="disconnectDuringPreferenceDescriptorLookupPreventsWrite" classname="com.cabin.hondacustom.HondaTachometerPreferenceTest" time="0.04" />
  <testcase name="synchronousUnitDisconnectUnbindsBothReturnedBindings" classname="com.cabin.hondacustom.HondaTachometerPreferenceTest" time="0.038" />
  <system-out />
  <system-err />
</testsuite><testsuite name="com.cabin.hondacustom.MeterClientTest" tests="18" skipped="0" failures="0" errors="0" timestamp="2026-09-13T20:53:48.920Z" hostname="fedora" time="0.62">
  <properties />
  <testcase name="readbackMismatchFailsClosed" classname="com.cabin.hondacustom.MeterClientTest" time="0.045" />
  <testcase name="connectionReadsCapabilitiesWithoutWriting" classname="com.cabin.hondacustom.MeterClientTest" time="0.025" />
  <testcase name="leavingDuringSavePreservesUnknownOutcome" classname="com.cabin.hondacustom.MeterClientTest" time="0.031" />
  <testcase name="runtimeCapabilityChangeBlocksSave" classname="com.cabin.hondacustom.MeterClientTest" time="0.036" />
  <testcase name="defaultPresetCannotBeWrittenDirectly" classname="com.cabin.hondacustom.MeterClientTest" time="0.026" />
  <testcase name="editingHonorsCapabilitiesProtectionAndParkedGate" classname="com.cabin.hondacustom.MeterClientTest" time="0.026" />
  <testcase name="observerCancellationDoesNotStartBinding" classname="com.cabin.hondacustom.MeterClientTest" time="0.009" />
  <testcase name="rejectedAckNeverStartsReadback" classname="com.cabin.hondacustom.MeterClientTest" time="0.036" />
  <testcase name="defaultsRefreshCapacityWithoutOverwritingBaselineOrWriting" classname="com.cabin.hondacustom.MeterClientTest" time="0.036" />
  <testcase name="dirtyDraftBlocksSilentPresetSwitch" classname="com.cabin.hondacustom.MeterClientTest" time="0.025" />
  <testcase name="saveRequiresAckAndMatchingPresetReadback" classname="com.cabin.hondacustom.MeterClientTest" time="0.04" />
  <testcase name="observerReconnectCannotSendPreviousDraftOnNewSession" classname="com.cabin.hondacustom.MeterClientTest" time="0.055" />
  <testcase name="successfulSavePublishesNewProtectionAndAvailability" classname="com.cabin.hondacustom.MeterClientTest" time="0.038" />
  <testcase name="synchronousDisconnectDuringBindStillUnbindsRegistration" classname="com.cabin.hondacustom.MeterClientTest" time="0.01" />
  <testcase name="malformedReplyAndMissingCapabilityDataAreUnavailable" classname="com.cabin.hondacustom.MeterClientTest" time="0.035" />
  <testcase name="timeoutAndOldSessionCallbacksCannotReviveState" classname="com.cabin.hondacustom.MeterClientTest" time="0.047" />
  <testcase name="presetsAndDefaultsUseDistinctReadRequests" classname="com.cabin.hondacustom.MeterClientTest" time="0.052" />
  <testcase name="smallerDefaultCapacityRestrictsDraftEvenWithLargerBaseline" classname="com.cabin.hondacustom.MeterClientTest" time="0.046" />
  <system-out />
  <system-err />
</testsuite><testsuite name="com.cabin.hondacustom.MeterProtocolTest" tests="6" skipped="0" failures="0" errors="0" timestamp="2026-09-13T20:53:49.542Z" hostname="fedora" time="0.056">
  <properties />
  <testcase name="incompatibleOrRejectedServiceFailsClosed" classname="com.cabin.hondacustom.MeterProtocolTest" time="0.01" />
  <testcase name="exactWireTransactionsAndParcelable" classname="com.cabin.hondacustom.MeterProtocolTest" time="0.011" />
  <testcase name="defensiveCopiesProtectState" classname="com.cabin.hondacustom.MeterProtocolTest" time="0.009" />
  <testcase name="malformedOutgoingIdsCannotBeTruncatedByTheOemEncoder" classname="com.cabin.hondacustom.MeterProtocolTest" time="0.009" />
  <testcase name="capabilityModelKeepsUnknownExistingButNeverAddsUnknown" classname="com.cabin.hondacustom.MeterProtocolTest" time="0.008" />
  <testcase name="callbacksDecodeGoldenWireAndNullablePayload" classname="com.cabin.hondacustom.MeterProtocolTest" time="0.009" />
  <system-out />
  <system-err />
</testsuite><testsuite name="com.cabin.hondacustom.OemScreensTest" tests="6" skipped="0" failures="0" errors="0" timestamp="2026-09-13T20:53:49.604Z" hostname="fedora" time="0.183">
  <properties />
  <testcase name="parkedAcknowledgementRequired" classname="com.cabin.hondacustom.OemScreensTest" time="0.026" />
  <testcase name="missingHeadUnitScreenIsExplained" classname="com.cabin.hondacustom.OemScreensTest" time="0.01" />
  <testcase name="panelEditorLaunchesWithoutWritingOrOpeningVendorApps" classname="com.cabin.hondacustom.OemScreensTest" time="0.044" />
  <testcase name="headUnitScreenDoesNotLaunchVendorAppOnOpen" classname="com.cabin.hondacustom.OemScreensTest" time="0.042" />
  <testcase name="headUnitPauseRequiresFreshParkedAcknowledgementBeforeNativeLaunch" classname="com.cabin.hondacustom.OemScreensTest" time="0.046" />
  <testcase name="nonExportedScreenCannotBeOpened" classname="com.cabin.hondacustom.OemScreensTest" time="0.015" />
  <system-out />
  <system-err />
</testsuite></testsuites>